# JRE version: OpenJDK Runtime Environment (8.0_152-b01) (build 1.8.0_152-release-1343-b01)
# Java VM: OpenJDK 64-Bit Server VM (25.152-b01 mixed mode windows-amd64 compressed oops)
Heap:
 PSYoungGen      total 177664K, used 119284K [0x00000000e0000000, 0x00000000eda00000, 0x0000000100000000)
  eden space 160256K, 63% used [0x00000000e0000000,0x00000000e637f5d0,0x00000000e9c80000)
  from space 17408K, 99% used [0x00000000e9c80000,0x00000000ead7de10,0x00000000ead80000)
  to   space 21504K, 0% used [0x00000000ec500000,0x00000000ec500000,0x00000000eda00000)
 ParOldGen       total 245760K, used 34838K [0x00000000a0000000, 0x00000000af000000, 0x00000000e0000000)
  object space 245760K, 14% used [0x00000000a0000000,0x00000000a2205a90,0x00000000af000000)
 Metaspace       used 78544K, capacity 81580K, committed 81816K, reserved 1120256K
  class space    used 10505K, capacity 11125K, committed 11168K, reserved 1048576K
GC Heap History (10 events):
Event: 6.216 GC heap before
{Heap before GC invocations=10 (full 2):
 PSYoungGen      total 107008K, used 107000K [0x00000000e0000000, 0x00000000e9900000, 0x0000000100000000)
  eden space 94208K, 100% used [0x00000000e0000000,0x00000000e5c00000,0x00000000e5c00000)
  from space 12800K, 99% used [0x00000000e5c00000,0x00000000e687e290,0x00000000e6880000)
  to   space 14848K, 0% used [0x00000000e8a80000,0x00000000e8a80000,0x00000000e9900000)
 ParOldGen       total 176128K, used 17378K [0x00000000a0000000, 0x00000000aac00000, 0x00000000e0000000)
  object space 176128K, 9% used [0x00000000a0000000,0x00000000a10f89b0,0x00000000aac00000)
 Metaspace       used 54132K, capacity 55378K, committed 55592K, reserved 1097728K
  class space    used 7275K, capacity 7616K, committed 7728K, reserved 1048576K
Event: 6.229 GC heap after
Heap after GC invocations=10 (full 2):
 PSYoungGen      total 139776K, used 14826K [0x00000000e0000000, 0x00000000e9e00000, 0x0000000100000000)
  eden space 124928K, 0% used [0x00000000e0000000,0x00000000e0000000,0x00000000e7a00000)
  from space 14848K, 99% used [0x00000000e8a80000,0x00000000e98fab10,0x00000000e9900000)
  to   space 16896K, 0% used [0x00000000e7a00000,0x00000000e7a00000,0x00000000e8a80000)
 ParOldGen       total 176128K, used 19049K [0x00000000a0000000, 0x00000000aac00000, 0x00000000e0000000)
  object space 176128K, 10% used [0x00000000a0000000,0x00000000a129a6e8,0x00000000aac00000)
 Metaspace       used 54132K, capacity 55378K, committed 55592K, reserved 1097728K
  class space    used 7275K, capacity 7616K, committed 7728K, reserved 1048576K
}
Event: 6.660 GC heap before
{Heap before GC invocations=11 (full 2):
 PSYoungGen      total 139776K, used 57781K [0x00000000e0000000, 0x00000000e9e00000, 0x0000000100000000)
  eden space 124928K, 34% used [0x00000000e0000000,0x00000000e29f2b58,0x00000000e7a00000)
  from space 14848K, 99% used [0x00000000e8a80000,0x00000000e98fab10,0x00000000e9900000)
  to   space 16896K, 0% used [0x00000000e7a00000,0x00000000e7a00000,0x00000000e8a80000)
 ParOldGen       total 176128K, used 19049K [0x00000000a0000000, 0x00000000aac00000, 0x00000000e0000000)
  object space 176128K, 10% used [0x00000000a0000000,0x00000000a129a6e8,0x00000000aac00000)
 Metaspace       used 57532K, capacity 59062K, committed 59160K, reserved 1099776K
  class space    used 7781K, capacity 8134K, committed 8224K, reserved 1048576K
Event: 6.691 GC heap after
Heap after GC invocations=11 (full 2):
 PSYoungGen      total 141824K, used 15050K [0x00000000e0000000, 0x00000000ec580000, 0x0000000100000000)
  eden space 124928K, 0% used [0x00000000e0000000,0x00000000e0000000,0x00000000e7a00000)
  from space 16896K, 89% used [0x00000000e7a00000,0x00000000e88b2b98,0x00000000e8a80000)
  to   space 18432K, 0% used [0x00000000eb380000,0x00000000eb380000,0x00000000ec580000)
 ParOldGen       total 176128K, used 19049K [0x00000000a0000000, 0x00000000aac00000, 0x00000000e0000000)
  object space 176128K, 10% used [0x00000000a0000000,0x00000000a129a6e8,0x00000000aac00000)
 Metaspace       used 57532K, capacity 59062K, committed 59160K, reserved 1099776K
  class space    used 7781K, capacity 8134K, committed 8224K, reserved 1048576K
}
Event: 6.691 GC heap before
{Heap before GC invocations=12 (full 3):
 PSYoungGen      total 141824K, used 15050K [0x00000000e0000000, 0x00000000ec580000, 0x0000000100000000)
  eden space 124928K, 0% used [0x00000000e0000000,0x00000000e0000000,0x00000000e7a00000)
  from space 16896K, 89% used [0x00000000e7a00000,0x00000000e88b2b98,0x00000000e8a80000)
  to   space 18432K, 0% used [0x00000000eb380000,0x00000000eb380000,0x00000000ec580000)
 ParOldGen       total 176128K, used 19049K [0x00000000a0000000, 0x00000000aac00000, 0x00000000e0000000)
  object space 176128K, 10% used [0x00000000a0000000,0x00000000a129a6e8,0x00000000aac00000)
 Metaspace       used 57532K, capacity 59062K, committed 59160K, reserved 1099776K
  class space    used 7781K, capacity 8134K, committed 8224K, reserved 1048576K
Event: 6.869 GC heap after
Heap after GC invocations=12 (full 3):
 PSYoungGen      total 141824K, used 0K [0x00000000e0000000, 0x00000000ec580000, 0x0000000100000000)
  eden space 124928K, 0% used [0x00000000e0000000,0x00000000e0000000,0x00000000e7a00000)
  from space 16896K, 0% used [0x00000000e7a00000,0x00000000e7a00000,0x00000000e8a80000)
  to   space 18432K, 0% used [0x00000000eb380000,0x00000000eb380000,0x00000000ec580000)
 ParOldGen       total 245760K, used 29006K [0x00000000a0000000, 0x00000000af000000, 0x00000000e0000000)
  object space 245760K, 11% used [0x00000000a0000000,0x00000000a1c539b0,0x00000000af000000)
 Metaspace       used 57532K, capacity 59062K, committed 59160K, reserved 1099776K
  class space    used 7781K, capacity 8134K, committed 8224K, reserved 1048576K
}
Event: 8.775 GC heap before
{Heap before GC invocations=13 (full 3):
 PSYoungGen      total 141824K, used 124928K [0x00000000e0000000, 0x00000000ec580000, 0x0000000100000000)
  eden space 124928K, 100% used [0x00000000e0000000,0x00000000e7a00000,0x00000000e7a00000)
  from space 16896K, 0% used [0x00000000e7a00000,0x00000000e7a00000,0x00000000e8a80000)
  to   space 18432K, 0% used [0x00000000eb380000,0x00000000eb380000,0x00000000ec580000)
 ParOldGen       total 245760K, used 29006K [0x00000000a0000000, 0x00000000af000000, 0x00000000e0000000)
  object space 245760K, 11% used [0x00000000a0000000,0x00000000a1c539b0,0x00000000af000000)
 Metaspace       used 61279K, capacity 63200K, committed 63384K, reserved 1103872K
  class space    used 8311K, capacity 8745K, committed 8864K, reserved 1048576K
Event: 8.788 GC heap after
Heap after GC invocations=13 (full 3):
 PSYoungGen      total 162816K, used 10778K [0x00000000e0000000, 0x00000000ebe80000, 0x0000000100000000)
  eden space 151552K, 0% used [0x00000000e0000000,0x00000000e0000000,0x00000000e9400000)
  from space 11264K, 95% used [0x00000000eb380000,0x00000000ebe068a8,0x00000000ebe80000)
  to   space 17408K, 0% used [0x00000000e9c80000,0x00000000e9c80000,0x00000000ead80000)
 ParOldGen       total 245760K, used 29006K [0x00000000a0000000, 0x00000000af000000, 0x00000000e0000000)
  object space 245760K, 11% used [0x00000000a0000000,0x00000000a1c539b0,0x00000000af000000)
 Metaspace       used 61279K, capacity 63200K, committed 63384K, reserved 1103872K
  class space    used 8311K, capacity 8745K, committed 8864K, reserved 1048576K
}
Event: 11.167 GC heap before
{Heap before GC invocations=14 (full 3):
 PSYoungGen      total 162816K, used 162330K [0x00000000e0000000, 0x00000000ebe80000, 0x0000000100000000)
  eden space 151552K, 100% used [0x00000000e0000000,0x00000000e9400000,0x00000000e9400000)
  from space 11264K, 95% used [0x00000000eb380000,0x00000000ebe068a8,0x00000000ebe80000)
  to   space 17408K, 0% used [0x00000000e9c80000,0x00000000e9c80000,0x00000000ead80000)
 ParOldGen       total 245760K, used 29006K [0x00000000a0000000, 0x00000000af000000, 0x00000000e0000000)
  object space 245760K, 11% used [0x00000000a0000000,0x00000000a1c539b0,0x00000000af000000)
 Metaspace       used 72208K, capacity 74512K, committed 74648K, reserved 1114112K
  class space    used 9653K, capacity 10125K, committed 10144K, reserved 1048576K
Event: 11.186 GC heap after
Heap after GC invocations=14 (full 3):
 PSYoungGen      total 177664K, used 17399K [0x00000000e0000000, 0x00000000eda00000, 0x0000000100000000)
  eden space 160256K, 0% used [0x00000000e0000000,0x00000000e0000000,0x00000000e9c80000)
  from space 17408K, 99% used [0x00000000e9c80000,0x00000000ead7de10,0x00000000ead80000)
  to   space 21504K, 0% used [0x00000000ec500000,0x00000000ec500000,0x00000000eda00000)
 ParOldGen       total 245760K, used 34838K [0x00000000a0000000, 0x00000000af000000, 0x00000000e0000000)
  object space 245760K, 14% used [0x00000000a0000000,0x00000000a2205a90,0x00000000af000000)
 Metaspace       used 72208K, capacity 74512K, committed 74648K, reserved 1114112K
  class space    used 9653K, capacity 10125K, committed 10144K, reserved 1048576K
}

